# JRE version: OpenJDK Runtime Environment Temurin-17.0.5+8 (17.0.5+8) (build 17.0.5+8)
# Java VM: OpenJDK 64-Bit Server VM Temurin-17.0.5+8 (17.0.5+8, mixed mode, tiered, compressed oops, compressed class ptrs, serial gc, linux-amd64)
GC Precious Log:
 CPUs: 8 total, 8 available
 Memory: 768M
 Large Page Support: Disabled
 NUMA Support: Disabled
 Compressed Oops: Enabled (32-bit)
 Heap Min Capacity: 64M
 Heap Initial Capacity: 64M
 Heap Max Capacity: 1G
 Pre-touch: Disabled
Heap:
 def new generation   total 19776K, used 8043K [0x00000000c0000000, 0x00000000c1570000, 0x00000000d5550000)
  eden space 17600K,  45% used [0x00000000c0000000, 0x00000000c07dafa8, 0x00000000c1130000)
  from space 2176K,   0% used [0x00000000c1130000, 0x00000000c1130000, 0x00000000c1350000)
  to   space 2176K,   0% used [0x00000000c1350000, 0x00000000c1350000, 0x00000000c1570000)
 tenured generation   total 43712K, used 19594K [0x00000000d5550000, 0x00000000d8000000, 0x0000000100000000)
   the space 43712K,  44% used [0x00000000d5550000, 0x00000000d6872930, 0x00000000d6872a00, 0x00000000d8000000)
 Metaspace       used 36114K, committed 36992K, reserved 1089536K
  class space    used 4173K, committed 4608K, reserved 1048576K
GC Heap History (16 events):
Event: 0.775 GC heap before
{Heap before GC invocations=0 (full 0):
 def new generation   total 19648K, used 17472K [0x00000000c0000000, 0x00000000c1550000, 0x00000000d5550000)
  eden space 17472K, 100% used [0x00000000c0000000, 0x00000000c1110000, 0x00000000c1110000)
  from space 2176K,   0% used [0x00000000c1110000, 0x00000000c1110000, 0x00000000c1330000)
  to   space 2176K,   0% used [0x00000000c1330000, 0x00000000c1330000, 0x00000000c1550000)
 tenured generation   total 43712K, used 0K [0x00000000d5550000, 0x00000000d8000000, 0x0000000100000000)
   the space 43712K,   0% used [0x00000000d5550000, 0x00000000d5550000, 0x00000000d5550200, 0x00000000d8000000)
 Metaspace       used 11726K, committed 11904K, reserved 1064960K
  class space    used 1178K, committed 1280K, reserved 1048576K
}
Event: 0.789 GC heap after
{Heap after GC invocations=1 (full 0):
 def new generation   total 19648K, used 2175K [0x00000000c0000000, 0x00000000c1550000, 0x00000000d5550000)
  eden space 17472K,   0% used [0x00000000c0000000, 0x00000000c0000000, 0x00000000c1110000)
  from space 2176K,  99% used [0x00000000c1330000, 0x00000000c154fff8, 0x00000000c1550000)
  to   space 2176K,   0% used [0x00000000c1110000, 0x00000000c1110000, 0x00000000c1330000)
 tenured generation   total 43712K, used 1700K [0x00000000d5550000, 0x00000000d8000000, 0x0000000100000000)
   the space 43712K,   3% used [0x00000000d5550000, 0x00000000d56f9358, 0x00000000d56f9400, 0x00000000d8000000)
 Metaspace       used 11726K, committed 11904K, reserved 1064960K
  class space    used 1178K, committed 1280K, reserved 1048576K
}
Event: 1.125 GC heap before
{Heap before GC invocations=1 (full 0):
 def new generation   total 19648K, used 19647K [0x00000000c0000000, 0x00000000c1550000, 0x00000000d5550000)
  eden space 17472K, 100% used [0x00000000c0000000, 0x00000000c1110000, 0x00000000c1110000)
  from space 2176K,  99% used [0x00000000c1330000, 0x00000000c154fff8, 0x00000000c1550000)
  to   space 2176K,   0% used [0x00000000c1110000, 0x00000000c1110000, 0x00000000c1330000)
 tenured generation   total 43712K, used 1700K [0x00000000d5550000, 0x00000000d8000000, 0x0000000100000000)
   the space 43712K,   3% used [0x00000000d5550000, 0x00000000d56f9358, 0x00000000d56f9400, 0x00000000d8000000)
 Metaspace       used 14134K, committed 14336K, reserved 1064960K
  class space    used 1425K, committed 1536K, reserved 1048576K
}
Event: 1.145 GC heap after
{Heap after GC invocations=2 (full 0):
 def new generation   total 19648K, used 2175K [0x00000000c0000000, 0x00000000c1550000, 0x00000000d5550000)
  eden space 17472K,   0% used [0x00000000c0000000, 0x00000000c0000000, 0x00000000c1110000)
  from space 2176K,  99% used [0x00000000c1110000, 0x00000000c132fff8, 0x00000000c1330000)
  to   space 2176K,   0% used [0x00000000c1330000, 0x00000000c1330000, 0x00000000c1550000)
 tenured generation   total 43712K, used 5509K [0x00000000d5550000, 0x00000000d8000000, 0x0000000100000000)
   the space 43712K,  12% used [0x00000000d5550000, 0x00000000d5ab17f8, 0x00000000d5ab1800, 0x00000000d8000000)
 Metaspace       used 14134K, committed 14336K, reserved 1064960K
  class space    used 1425K, committed 1536K, reserved 1048576K
}
Event: 1.717 GC heap before
{Heap before GC invocations=2 (full 0):
 def new generation   total 19648K, used 19647K [0x00000000c0000000, 0x00000000c1550000, 0x00000000d5550000)
  eden space 17472K, 100% used [0x00000000c0000000, 0x00000000c1110000, 0x00000000c1110000)
  from space 2176K,  99% used [0x00000000c1110000, 0x00000000c132fff8, 0x00000000c1330000)
  to   space 2176K,   0% used [0x00000000c1330000, 0x00000000c1330000, 0x00000000c1550000)
 tenured generation   total 43712K, used 5509K [0x00000000d5550000, 0x00000000d8000000, 0x0000000100000000)
   the space 43712K,  12% used [0x00000000d5550000, 0x00000000d5ab17f8, 0x00000000d5ab1800, 0x00000000d8000000)
 Metaspace       used 20153K, committed 20672K, reserved 1073152K
  class space    used 2093K, committed 2304K, reserved 1048576K
}
Event: 1.732 GC heap after
{Heap after GC invocations=3 (full 0):
 def new generation   total 19648K, used 2175K [0x00000000c0000000, 0x00000000c1550000, 0x00000000d5550000)
  eden space 17472K,   0% used [0x00000000c0000000, 0x00000000c0000000, 0x00000000c1110000)
  from space 2176K,  99% used [0x00000000c1330000, 0x00000000c154fff8, 0x00000000c1550000)
  to   space 2176K,   0% used [0x00000000c1110000, 0x00000000c1110000, 0x00000000c1330000)
 tenured generation   total 43712K, used 8786K [0x00000000d5550000, 0x00000000d8000000, 0x0000000100000000)
   the space 43712K,  20% used [0x00000000d5550000, 0x00000000d5de4978, 0x00000000d5de4a00, 0x00000000d8000000)
 Metaspace       used 20153K, committed 20672K, reserved 1073152K
  class space    used 2093K, committed 2304K, reserved 1048576K
}
Event: 1.793 GC heap before
{Heap before GC invocations=3 (full 0):
 def new generation   total 19648K, used 4175K [0x00000000c0000000, 0x00000000c1550000, 0x00000000d5550000)
  eden space 17472K,  11% used [0x00000000c0000000, 0x00000000c01f3e70, 0x00000000c1110000)
  from space 2176K,  99% used [0x00000000c1330000, 0x00000000c154fff8, 0x00000000c1550000)
  to   space 2176K,   0% used [0x00000000c1110000, 0x00000000c1110000, 0x00000000c1330000)
 tenured generation   total 43712K, used 8786K [0x00000000d5550000, 0x00000000d8000000, 0x0000000100000000)
   the space 43712K,  20% used [0x00000000d5550000, 0x00000000d5de4978, 0x00000000d5de4a00, 0x00000000d8000000)
 Metaspace       used 20946K, committed 21504K, reserved 1073152K
  class space    used 2179K, committed 2432K, reserved 1048576K
}
Event: 1.827 GC heap after
{Heap after GC invocations=4 (full 1):
 def new generation   total 19712K, used 0K [0x00000000c0000000, 0x00000000c1560000, 0x00000000d5550000)
  eden space 17536K,   0% used [0x00000000c0000000, 0x00000000c0000000, 0x00000000c1120000)
  from space 2176K,   0% used [0x00000000c1120000, 0x00000000c1120000, 0x00000000c1340000)
  to   space 2176K,   0% used [0x00000000c1340000, 0x00000000c1340000, 0x00000000c1560000)
 tenured generation   total 43712K, used 11153K [0x00000000d5550000, 0x00000000d8000000, 0x0000000100000000)
   the space 43712K,  25% used [0x00000000d5550000, 0x00000000d6034608, 0x00000000d6034800, 0x00000000d8000000)
 Metaspace       used 20946K, committed 21504K, reserved 1073152K
  class space    used 2179K, committed 2432K, reserved 1048576K
}
Event: 2.251 GC heap before
{Heap before GC invocations=4 (full 1):
 def new generation   total 19712K, used 17536K [0x00000000c0000000, 0x00000000c1560000, 0x00000000d5550000)
  eden space 17536K, 100% used [0x00000000c0000000, 0x00000000c1120000, 0x00000000c1120000)
  from space 2176K,   0% used [0x00000000c1120000, 0x00000000c1120000, 0x00000000c1340000)
  to   space 2176K,   0% used [0x00000000c1340000, 0x00000000c1340000, 0x00000000c1560000)
 tenured generation   total 43712K, used 11153K [0x00000000d5550000, 0x00000000d8000000, 0x0000000100000000)
   the space 43712K,  25% used [0x00000000d5550000, 0x00000000d6034608, 0x00000000d6034800, 0x00000000d8000000)
 Metaspace       used 23490K, committed 24064K, reserved 1073152K
  class space    used 2504K, committed 2752K, reserved 1048576K
}
Event: 2.257 GC heap after
{Heap after GC invocations=5 (full 1):
 def new generation   total 19712K, used 1948K [0x00000000c0000000, 0x00000000c1560000, 0x00000000d5550000)
  eden space 17536K,   0% used [0x00000000c0000000, 0x00000000c0000000, 0x00000000c1120000)
  from space 2176K,  89% used [0x00000000c1340000, 0x00000000c1527160, 0x00000000c1560000)
  to   space 2176K,   0% used [0x00000000c1120000, 0x00000000c1120000, 0x00000000c1340000)
 tenured generation   total 43712K, used 11153K [0x00000000d5550000, 0x00000000d8000000, 0x0000000100000000)
   the space 43712K,  25% used [0x00000000d5550000, 0x00000000d6034608, 0x00000000d6034800, 0x00000000d8000000)
 Metaspace       used 23490K, committed 24064K, reserved 1073152K
  class space    used 2504K, committed 2752K, reserved 1048576K
}
Event: 2.856 GC heap before
{Heap before GC invocations=5 (full 1):
 def new generation   total 19712K, used 19484K [0x00000000c0000000, 0x00000000c1560000, 0x00000000d5550000)
  eden space 17536K, 100% used [0x00000000c0000000, 0x00000000c1120000, 0x00000000c1120000)
  from space 2176K,  89% used [0x00000000c1340000, 0x00000000c1527160, 0x00000000c1560000)
  to   space 2176K,   0% used [0x00000000c1120000, 0x00000000c1120000, 0x00000000c1340000)
 tenured generation   total 43712K, used 11153K [0x00000000d5550000, 0x00000000d8000000, 0x0000000100000000)
   the space 43712K,  25% used [0x00000000d5550000, 0x00000000d6034608, 0x00000000d6034800, 0x00000000d8000000)
 Metaspace       used 30145K, committed 30912K, reserved 1081344K
  class space    used 3290K, committed 3648K, reserved 1048576K
}
Event: 2.872 GC heap after
{Heap after GC invocations=6 (full 1):
 def new generation   total 19712K, used 2176K [0x00000000c0000000, 0x00000000c1560000, 0x00000000d5550000)
  eden space 17536K,   0% used [0x00000000c0000000, 0x00000000c0000000, 0x00000000c1120000)
  from space 2176K, 100% used [0x00000000c1120000, 0x00000000c1340000, 0x00000000c1340000)
  to   space 2176K,   0% used [0x00000000c1340000, 0x00000000c1340000, 0x00000000c1560000)
 tenured generation   total 43712K, used 13174K [0x00000000d5550000, 0x00000000d8000000, 0x0000000100000000)
   the space 43712K,  30% used [0x00000000d5550000, 0x00000000d622db58, 0x00000000d622dc00, 0x00000000d8000000)
 Metaspace       used 30145K, committed 30912K, reserved 1081344K
  class space    used 3290K, committed 3648K, reserved 1048576K
}
Event: 3.581 GC heap before
{Heap before GC invocations=6 (full 1):
 def new generation   total 19712K, used 19712K [0x00000000c0000000, 0x00000000c1560000, 0x00000000d5550000)
  eden space 17536K, 100% used [0x00000000c0000000, 0x00000000c1120000, 0x00000000c1120000)
  from space 2176K, 100% used [0x00000000c1120000, 0x00000000c1340000, 0x00000000c1340000)
  to   space 2176K,   0% used [0x00000000c1340000, 0x00000000c1340000, 0x00000000c1560000)
 tenured generation   total 43712K, used 13174K [0x00000000d5550000, 0x00000000d8000000, 0x0000000100000000)
   the space 43712K,  30% used [0x00000000d5550000, 0x00000000d622db58, 0x00000000d622dc00, 0x00000000d8000000)
 Metaspace       used 34784K, committed 35520K, reserved 1081344K
  class space    used 4029K, committed 4352K, reserved 1048576K
}
Event: 3.606 GC heap after
{Heap after GC invocations=7 (full 1):
 def new generation   total 19712K, used 2176K [0x00000000c0000000, 0x00000000c1560000, 0x00000000d5550000)
  eden space 17536K,   0% used [0x00000000c0000000, 0x00000000c0000000, 0x00000000c1120000)
  from space 2176K, 100% used [0x00000000c1340000, 0x00000000c1560000, 0x00000000c1560000)
  to   space 2176K,   0% used [0x00000000c1120000, 0x00000000c1120000, 0x00000000c1340000)
 tenured generation   total 43712K, used 16760K [0x00000000d5550000, 0x00000000d8000000, 0x0000000100000000)
   the space 43712K,  38% used [0x00000000d5550000, 0x00000000d65ae220, 0x00000000d65ae400, 0x00000000d8000000)
 Metaspace       used 34784K, committed 35520K, reserved 1081344K
  class space    used 4029K, committed 4352K, reserved 1048576K
}
Event: 3.745 GC heap before
{Heap before GC invocations=7 (full 1):
 def new generation   total 19712K, used 7644K [0x00000000c0000000, 0x00000000c1560000, 0x00000000d5550000)
  eden space 17536K,  31% used [0x00000000c0000000, 0x00000000c0557180, 0x00000000c1120000)
  from space 2176K, 100% used [0x00000000c1340000, 0x00000000c1560000, 0x00000000c1560000)
  to   space 2176K,   0% used [0x00000000c1120000, 0x00000000c1120000, 0x00000000c1340000)
 tenured generation   total 43712K, used 16760K [0x00000000d5550000, 0x00000000d8000000, 0x0000000100000000)
   the space 43712K,  38% used [0x00000000d5550000, 0x00000000d65ae220, 0x00000000d65ae400, 0x00000000d8000000)
 Metaspace       used 35164K, committed 35840K, reserved 1081344K
  class space    used 4056K, committed 4352K, reserved 1048576K
}
Event: 3.808 GC heap after
{Heap after GC invocations=8 (full 2):
 def new generation   total 19776K, used 0K [0x00000000c0000000, 0x00000000c1570000, 0x00000000d5550000)
  eden space 17600K,   0% used [0x00000000c0000000, 0x00000000c0000000, 0x00000000c1130000)
  from space 2176K,   0% used [0x00000000c1130000, 0x00000000c1130000, 0x00000000c1350000)
  to   space 2176K,   0% used [0x00000000c1350000, 0x00000000c1350000, 0x00000000c1570000)
 tenured generation   total 43712K, used 19594K [0x00000000d5550000, 0x00000000d8000000, 0x0000000100000000)
   the space 43712K,  44% used [0x00000000d5550000, 0x00000000d6872930, 0x00000000d6872a00, 0x00000000d8000000)
 Metaspace       used 35164K, committed 35840K, reserved 1081344K
  class space    used 4056K, committed 4352K, reserved 1048576K
}

