# JRE version: OpenJDK Runtime Environment Temurin-17.0.5+8 (17.0.5+8) (build 17.0.5+8)
# Java VM: OpenJDK 64-Bit Server VM Temurin-17.0.5+8 (17.0.5+8, mixed mode, tiered, compressed oops, compressed class ptrs, serial gc, linux-amd64)
GC Precious Log:
 CPUs: 8 total, 8 available
 Memory: 768M
 Large Page Support: Disabled
 NUMA Support: Disabled
 Compressed Oops: Enabled (32-bit)
 Heap Min Capacity: 64M
 Heap Initial Capacity: 64M
 Heap Max Capacity: 1G
 Pre-touch: Disabled
Heap:
 def new generation   total 19776K, used 9273K [0x00000000c0000000, 0x00000000c1570000, 0x00000000d5550000)
  eden space 17600K,  52% used [0x00000000c0000000, 0x00000000c090e6a8, 0x00000000c1130000)
  from space 2176K,   0% used [0x00000000c1130000, 0x00000000c1130000, 0x00000000c1350000)
  to   space 2176K,   0% used [0x00000000c1350000, 0x00000000c1350000, 0x00000000c1570000)
 tenured generation   total 43712K, used 23204K [0x00000000d5550000, 0x00000000d8000000, 0x0000000100000000)
   the space 43712K,  53% used [0x00000000d5550000, 0x00000000d6bf9360, 0x00000000d6bf9400, 0x00000000d8000000)
 Metaspace       used 36462K, committed 37376K, reserved 1089536K
  class space    used 4180K, committed 4544K, reserved 1048576K
GC Heap History (18 events):
Event: 0.747 GC heap before
{Heap before GC invocations=0 (full 0):
 def new generation   total 19648K, used 17472K [0x00000000c0000000, 0x00000000c1550000, 0x00000000d5550000)
  eden space 17472K, 100% used [0x00000000c0000000, 0x00000000c1110000, 0x00000000c1110000)
  from space 2176K,   0% used [0x00000000c1110000, 0x00000000c1110000, 0x00000000c1330000)
  to   space 2176K,   0% used [0x00000000c1330000, 0x00000000c1330000, 0x00000000c1550000)
 tenured generation   total 43712K, used 0K [0x00000000d5550000, 0x00000000d8000000, 0x0000000100000000)
   the space 43712K,   0% used [0x00000000d5550000, 0x00000000d5550000, 0x00000000d5550200, 0x00000000d8000000)
 Metaspace       used 11760K, committed 11968K, reserved 1064960K
  class space    used 1178K, committed 1280K, reserved 1048576K
}
Event: 0.760 GC heap after
{Heap after GC invocations=1 (full 0):
 def new generation   total 19648K, used 2176K [0x00000000c0000000, 0x00000000c1550000, 0x00000000d5550000)
  eden space 17472K,   0% used [0x00000000c0000000, 0x00000000c0000000, 0x00000000c1110000)
  from space 2176K, 100% used [0x00000000c1330000, 0x00000000c1550000, 0x00000000c1550000)
  to   space 2176K,   0% used [0x00000000c1110000, 0x00000000c1110000, 0x00000000c1330000)
 tenured generation   total 43712K, used 1695K [0x00000000d5550000, 0x00000000d8000000, 0x0000000100000000)
   the space 43712K,   3% used [0x00000000d5550000, 0x00000000d56f7db8, 0x00000000d56f7e00, 0x00000000d8000000)
 Metaspace       used 11760K, committed 11968K, reserved 1064960K
  class space    used 1178K, committed 1280K, reserved 1048576K
}
Event: 1.061 GC heap before
{Heap before GC invocations=1 (full 0):
 def new generation   total 19648K, used 19647K [0x00000000c0000000, 0x00000000c1550000, 0x00000000d5550000)
  eden space 17472K,  99% used [0x00000000c0000000, 0x00000000c110ffe8, 0x00000000c1110000)
  from space 2176K, 100% used [0x00000000c1330000, 0x00000000c1550000, 0x00000000c1550000)
  to   space 2176K,   0% used [0x00000000c1110000, 0x00000000c1110000, 0x00000000c1330000)
 tenured generation   total 43712K, used 1695K [0x00000000d5550000, 0x00000000d8000000, 0x0000000100000000)
   the space 43712K,   3% used [0x00000000d5550000, 0x00000000d56f7db8, 0x00000000d56f7e00, 0x00000000d8000000)
 Metaspace       used 14102K, committed 14336K, reserved 1064960K
  class space    used 1418K, committed 1536K, reserved 1048576K
}
Event: 1.080 GC heap after
{Heap after GC invocations=2 (full 0):
 def new generation   total 19648K, used 2176K [0x00000000c0000000, 0x00000000c1550000, 0x00000000d5550000)
  eden space 17472K,   0% used [0x00000000c0000000, 0x00000000c0000000, 0x00000000c1110000)
  from space 2176K, 100% used [0x00000000c1110000, 0x00000000c1330000, 0x00000000c1330000)
  to   space 2176K,   0% used [0x00000000c1330000, 0x00000000c1330000, 0x00000000c1550000)
 tenured generation   total 43712K, used 5503K [0x00000000d5550000, 0x00000000d8000000, 0x0000000100000000)
   the space 43712K,  12% used [0x00000000d5550000, 0x00000000d5aaffd8, 0x00000000d5ab0000, 0x00000000d8000000)
 Metaspace       used 14102K, committed 14336K, reserved 1064960K
  class space    used 1418K, committed 1536K, reserved 1048576K
}
Event: 1.463 GC heap before
{Heap before GC invocations=2 (full 0):
 def new generation   total 19648K, used 19648K [0x00000000c0000000, 0x00000000c1550000, 0x00000000d5550000)
  eden space 17472K, 100% used [0x00000000c0000000, 0x00000000c1110000, 0x00000000c1110000)
  from space 2176K, 100% used [0x00000000c1110000, 0x00000000c1330000, 0x00000000c1330000)
  to   space 2176K,   0% used [0x00000000c1330000, 0x00000000c1330000, 0x00000000c1550000)
 tenured generation   total 43712K, used 5503K [0x00000000d5550000, 0x00000000d8000000, 0x0000000100000000)
   the space 43712K,  12% used [0x00000000d5550000, 0x00000000d5aaffd8, 0x00000000d5ab0000, 0x00000000d8000000)
 Metaspace       used 17029K, committed 17280K, reserved 1064960K
  class space    used 1727K, committed 1856K, reserved 1048576K
}
Event: 1.476 GC heap after
{Heap after GC invocations=3 (full 0):
 def new generation   total 19648K, used 2175K [0x00000000c0000000, 0x00000000c1550000, 0x00000000d5550000)
  eden space 17472K,   0% used [0x00000000c0000000, 0x00000000c0000000, 0x00000000c1110000)
  from space 2176K,  99% used [0x00000000c1330000, 0x00000000c154fff8, 0x00000000c1550000)
  to   space 2176K,   0% used [0x00000000c1110000, 0x00000000c1110000, 0x00000000c1330000)
 tenured generation   total 43712K, used 8037K [0x00000000d5550000, 0x00000000d8000000, 0x0000000100000000)
   the space 43712K,  18% used [0x00000000d5550000, 0x00000000d5d29438, 0x00000000d5d29600, 0x00000000d8000000)
 Metaspace       used 17029K, committed 17280K, reserved 1064960K
  class space    used 1727K, committed 1856K, reserved 1048576K
}
Event: 1.707 GC heap before
{Heap before GC invocations=3 (full 0):
 def new generation   total 19648K, used 19614K [0x00000000c0000000, 0x00000000c1550000, 0x00000000d5550000)
  eden space 17472K,  99% used [0x00000000c0000000, 0x00000000c1107ab8, 0x00000000c1110000)
  from space 2176K,  99% used [0x00000000c1330000, 0x00000000c154fff8, 0x00000000c1550000)
  to   space 2176K,   0% used [0x00000000c1110000, 0x00000000c1110000, 0x00000000c1330000)
 tenured generation   total 43712K, used 8037K [0x00000000d5550000, 0x00000000d8000000, 0x0000000100000000)
   the space 43712K,  18% used [0x00000000d5550000, 0x00000000d5d29438, 0x00000000d5d29600, 0x00000000d8000000)
 Metaspace       used 17207K, committed 17472K, reserved 1064960K
  class space    used 1727K, committed 1856K, reserved 1048576K
}
Event: 1.720 GC heap after
{Heap after GC invocations=4 (full 0):
 def new generation   total 19648K, used 2176K [0x00000000c0000000, 0x00000000c1550000, 0x00000000d5550000)
  eden space 17472K,   0% used [0x00000000c0000000, 0x00000000c0000000, 0x00000000c1110000)
  from space 2176K, 100% used [0x00000000c1110000, 0x00000000c1330000, 0x00000000c1330000)
  to   space 2176K,   0% used [0x00000000c1330000, 0x00000000c1330000, 0x00000000c1550000)
 tenured generation   total 43712K, used 11506K [0x00000000d5550000, 0x00000000d8000000, 0x0000000100000000)
   the space 43712K,  26% used [0x00000000d5550000, 0x00000000d608c888, 0x00000000d608ca00, 0x00000000d8000000)
 Metaspace       used 17207K, committed 17472K, reserved 1064960K
  class space    used 1727K, committed 1856K, reserved 1048576K
}
Event: 2.019 GC heap before
{Heap before GC invocations=4 (full 0):
 def new generation   total 19648K, used 19648K [0x00000000c0000000, 0x00000000c1550000, 0x00000000d5550000)
  eden space 17472K, 100% used [0x00000000c0000000, 0x00000000c1110000, 0x00000000c1110000)
  from space 2176K, 100% used [0x00000000c1110000, 0x00000000c1330000, 0x00000000c1330000)
  to   space 2176K,   0% used [0x00000000c1330000, 0x00000000c1330000, 0x00000000c1550000)
 tenured generation   total 43712K, used 11506K [0x00000000d5550000, 0x00000000d8000000, 0x0000000100000000)
   the space 43712K,  26% used [0x00000000d5550000, 0x00000000d608c888, 0x00000000d608ca00, 0x00000000d8000000)
 Metaspace       used 18776K, committed 19136K, reserved 1073152K
  class space    used 1902K, committed 2048K, reserved 1048576K
}
Event: 2.032 GC heap after
{Heap after GC invocations=5 (full 0):
 def new generation   total 19648K, used 2175K [0x00000000c0000000, 0x00000000c1550000, 0x00000000d5550000)
  eden space 17472K,   0% used [0x00000000c0000000, 0x00000000c0000000, 0x00000000c1110000)
  from space 2176K,  99% used [0x00000000c1330000, 0x00000000c154fff8, 0x00000000c1550000)
  to   space 2176K,   0% used [0x00000000c1110000, 0x00000000c1110000, 0x00000000c1330000)
 tenured generation   total 43712K, used 13721K [0x00000000d5550000, 0x00000000d8000000, 0x0000000100000000)
   the space 43712K,  31% used [0x00000000d5550000, 0x00000000d62b67a8, 0x00000000d62b6800, 0x00000000d8000000)
 Metaspace       used 18776K, committed 19136K, reserved 1073152K
  class space    used 1902K, committed 2048K, reserved 1048576K
}
Event: 2.203 GC heap before
{Heap before GC invocations=5 (full 0):
 def new generation   total 19648K, used 10514K [0x00000000c0000000, 0x00000000c1550000, 0x00000000d5550000)
  eden space 17472K,  47% used [0x00000000c0000000, 0x00000000c0824a88, 0x00000000c1110000)
  from space 2176K,  99% used [0x00000000c1330000, 0x00000000c154fff8, 0x00000000c1550000)
  to   space 2176K,   0% used [0x00000000c1110000, 0x00000000c1110000, 0x00000000c1330000)
 tenured generation   total 43712K, used 13721K [0x00000000d5550000, 0x00000000d8000000, 0x0000000100000000)
   the space 43712K,  31% used [0x00000000d5550000, 0x00000000d62b67a8, 0x00000000d62b6800, 0x00000000d8000000)
 Metaspace       used 21026K, committed 21504K, reserved 1073152K
  class space    used 2134K, committed 2304K, reserved 1048576K
}
Event: 2.249 GC heap after
{Heap after GC invocations=6 (full 1):
 def new generation   total 19712K, used 0K [0x00000000c0000000, 0x00000000c1560000, 0x00000000d5550000)
  eden space 17536K,   0% used [0x00000000c0000000, 0x00000000c0000000, 0x00000000c1120000)
  from space 2176K,   0% used [0x00000000c1120000, 0x00000000c1120000, 0x00000000c1340000)
  to   space 2176K,   0% used [0x00000000c1340000, 0x00000000c1340000, 0x00000000c1560000)
 tenured generation   total 43712K, used 17117K [0x00000000d5550000, 0x00000000d8000000, 0x0000000100000000)
   the space 43712K,  39% used [0x00000000d5550000, 0x00000000d66076f0, 0x00000000d6607800, 0x00000000d8000000)
 Metaspace       used 21026K, committed 21504K, reserved 1073152K
  class space    used 2134K, committed 2304K, reserved 1048576K
}
Event: 2.615 GC heap before
{Heap before GC invocations=6 (full 1):
 def new generation   total 19712K, used 17536K [0x00000000c0000000, 0x00000000c1560000, 0x00000000d5550000)
  eden space 17536K, 100% used [0x00000000c0000000, 0x00000000c1120000, 0x00000000c1120000)
  from space 2176K,   0% used [0x00000000c1120000, 0x00000000c1120000, 0x00000000c1340000)
  to   space 2176K,   0% used [0x00000000c1340000, 0x00000000c1340000, 0x00000000c1560000)
 tenured generation   total 43712K, used 17117K [0x00000000d5550000, 0x00000000d8000000, 0x0000000100000000)
   the space 43712K,  39% used [0x00000000d5550000, 0x00000000d66076f0, 0x00000000d6607800, 0x00000000d8000000)
 Metaspace       used 23932K, committed 24512K, reserved 1073152K
  class space    used 2501K, committed 2752K, reserved 1048576K
}
Event: 2.621 GC heap after
{Heap after GC invocations=7 (full 1):
 def new generation   total 19712K, used 1795K [0x00000000c0000000, 0x00000000c1560000, 0x00000000d5550000)
  eden space 17536K,   0% used [0x00000000c0000000, 0x00000000c0000000, 0x00000000c1120000)
  from space 2176K,  82% used [0x00000000c1340000, 0x00000000c1500cc8, 0x00000000c1560000)
  to   space 2176K,   0% used [0x00000000c1120000, 0x00000000c1120000, 0x00000000c1340000)
 tenured generation   total 43712K, used 17117K [0x00000000d5550000, 0x00000000d8000000, 0x0000000100000000)
   the space 43712K,  39% used [0x00000000d5550000, 0x00000000d66076f0, 0x00000000d6607800, 0x00000000d8000000)
 Metaspace       used 23932K, committed 24512K, reserved 1073152K
  class space    used 2501K, committed 2752K, reserved 1048576K
}
Event: 3.114 GC heap before
{Heap before GC invocations=7 (full 1):
 def new generation   total 19712K, used 19331K [0x00000000c0000000, 0x00000000c1560000, 0x00000000d5550000)
  eden space 17536K, 100% used [0x00000000c0000000, 0x00000000c1120000, 0x00000000c1120000)
  from space 2176K,  82% used [0x00000000c1340000, 0x00000000c1500cc8, 0x00000000c1560000)
  to   space 2176K,   0% used [0x00000000c1120000, 0x00000000c1120000, 0x00000000c1340000)
 tenured generation   total 43712K, used 17117K [0x00000000d5550000, 0x00000000d8000000, 0x0000000100000000)
   the space 43712K,  39% used [0x00000000d5550000, 0x00000000d66076f0, 0x00000000d6607800, 0x00000000d8000000)
 Metaspace       used 30598K, committed 31296K, reserved 1081344K
  class space    used 3295K, committed 3584K, reserved 1048576K
}
Event: 3.130 GC heap after
{Heap after GC invocations=8 (full 1):
 def new generation   total 19712K, used 2176K [0x00000000c0000000, 0x00000000c1560000, 0x00000000d5550000)
  eden space 17536K,   0% used [0x00000000c0000000, 0x00000000c0000000, 0x00000000c1120000)
  from space 2176K, 100% used [0x00000000c1120000, 0x00000000c1340000, 0x00000000c1340000)
  to   space 2176K,   0% used [0x00000000c1340000, 0x00000000c1340000, 0x00000000c1560000)
 tenured generation   total 43712K, used 18981K [0x00000000d5550000, 0x00000000d8000000, 0x0000000100000000)
   the space 43712K,  43% used [0x00000000d5550000, 0x00000000d67d9730, 0x00000000d67d9800, 0x00000000d8000000)
 Metaspace       used 30598K, committed 31296K, reserved 1081344K
  class space    used 3295K, committed 3584K, reserved 1048576K
}
Event: 3.606 GC heap before
{Heap before GC invocations=8 (full 1):
 def new generation   total 19712K, used 14366K [0x00000000c0000000, 0x00000000c1560000, 0x00000000d5550000)
  eden space 17536K,  69% used [0x00000000c0000000, 0x00000000c0be7be8, 0x00000000c1120000)
  from space 2176K, 100% used [0x00000000c1120000, 0x00000000c1340000, 0x00000000c1340000)
  to   space 2176K,   0% used [0x00000000c1340000, 0x00000000c1340000, 0x00000000c1560000)
 tenured generation   total 43712K, used 18981K [0x00000000d5550000, 0x00000000d8000000, 0x0000000100000000)
   the space 43712K,  43% used [0x00000000d5550000, 0x00000000d67d9730, 0x00000000d67d9800, 0x00000000d8000000)
 Metaspace       used 35140K, committed 35840K, reserved 1081344K
  class space    used 4027K, committed 4288K, reserved 1048576K
}
Event: 3.677 GC heap after
{Heap after GC invocations=9 (full 2):
 def new generation   total 19776K, used 0K [0x00000000c0000000, 0x00000000c1570000, 0x00000000d5550000)
  eden space 17600K,   0% used [0x00000000c0000000, 0x00000000c0000000, 0x00000000c1130000)
  from space 2176K,   0% used [0x00000000c1130000, 0x00000000c1130000, 0x00000000c1350000)
  to   space 2176K,   0% used [0x00000000c1350000, 0x00000000c1350000, 0x00000000c1570000)
 tenured generation   total 43712K, used 23204K [0x00000000d5550000, 0x00000000d8000000, 0x0000000100000000)
   the space 43712K,  53% used [0x00000000d5550000, 0x00000000d6bf9360, 0x00000000d6bf9400, 0x00000000d8000000)
 Metaspace       used 35140K, committed 35840K, reserved 1081344K
  class space    used 4027K, committed 4288K, reserved 1048576K
}

